<?xml version="1.0" encoding="UTF-8"?>
<!-- Generated by org.testng.reporters.JUnitXMLReporter -->
<testsuite hostname="LMIPL-184" ignored="0" name="Test" tests="4" failures="0" timestamp="2021-02-22T10:53:50 IST" time="132.695" errors="0">
  <testcase name="basePageNavigation" time="56.369" classname="naveen.E2EProject.HomePage"/>
  <testcase name="basePageNavigation" time="24.948" classname="naveen.E2EProject.HomePage"/>
  <testcase name="basePageNavigation" time="0.09" classname="naveen.E2EProject.ValidateNavigationBar"/>
  <testcase name="basePageNavigation" time="0.051" classname="naveen.E2EProject.ValidateTitle"/>
</testsuite> <!-- Test -->
