<?xml version="1.0" encoding="UTF-8"?>
<!-- Generated by org.testng.reporters.JUnitXMLReporter -->
<testsuite hostname="LMIPL-184" ignored="0" name="validating user Login" tests="2" failures="0" timestamp="2021-03-09T17:11:06 IST" time="115.077" errors="0">
  <testcase name="runScenario" time="53.061" classname="io.cucumber.testng.AbstractTestNGCucumberTests"/>
  <testcase name="runScenario" time="61.516" classname="io.cucumber.testng.AbstractTestNGCucumberTests"/>
</testsuite> <!-- validating user Login -->
