<?xml version="1.0" encoding="UTF-8"?>
<!-- Generated by org.testng.reporters.JUnitXMLReporter -->
<testsuite hostname="LMIPL-184" ignored="0" name="Test" tests="4" failures="0" timestamp="2021-02-22T20:50:35 IST" time="85.098" errors="0">
  <testcase name="basePageNavigation" time="21.672" classname="naveen.E2EProject.HomePage"/>
  <testcase name="basePageNavigation" time="19.738" classname="naveen.E2EProject.HomePage"/>
  <testcase name="basePageNavigation" time="0.398" classname="naveen.E2EProject.ValidateNavigationBar"/>
  <testcase name="basePageNavigation" time="0.243" classname="naveen.E2EProject.ValidateTitle"/>
</testsuite> <!-- Test -->
