<?xml version="1.0" encoding="UTF-8"?>
<!-- Generated by org.testng.reporters.JUnitXMLReporter -->
<testsuite hostname="LMIPL-184" ignored="0" name="validating user Login" tests="2" failures="0" timestamp="2021-03-09T18:03:09 IST" time="150.532" errors="0">
  <testcase name="runScenario" time="84.08" classname="io.cucumber.testng.AbstractTestNGCucumberTests"/>
  <testcase name="runScenario" time="65.964" classname="io.cucumber.testng.AbstractTestNGCucumberTests"/>
</testsuite> <!-- validating user Login -->
